;  LST file generated by mikroListExporter - v.2.0 
; Date/Time: 6/4/2023 1:44:13 PM
;----------------------------------------------

;Address Opcode 	ASM
0x0000	0x29F4      	GOTO       500
_interrupt:
0x0004	0x00FF      	MOVWF      R15
0x0005	0x0E03      	SWAPF      STATUS, 0
0x0006	0x0183      	CLRF       STATUS
0x0007	0x00C4      	MOVWF      ___saveSTATUS
0x0008	0x080A      	MOVF       PCLATH, 0
0x0009	0x00C5      	MOVWF      ___savePCLATH
0x000A	0x018A      	CLRF       PCLATH
0x000B	0x0870      	MOVF       R0, 0
0x000C	0x00A1      	MOVWF      33
0x000D	0x0871      	MOVF       R1, 0
0x000E	0x00A0      	MOVWF      32
0x000F	0x0804      	MOVF       FSR, 0
0x0010	0x00A2      	MOVWF      34
;TrafficLightProject.c,10 :: 		void interrupt(void){
;TrafficLightProject.c,11 :: 		if(INTCON&0x04){//TMR0 Overflow ISR, every 1ms
0x0011	0x1D0B      	BTFSS      INTCON, 2
0x0012	0x2861      	GOTO       L_interrupt0
;TrafficLightProject.c,12 :: 		TMR0=248;// 8 counts to overflow
0x0013	0x30F8      	MOVLW      248
0x0014	0x0081      	MOVWF      TMR0
;TrafficLightProject.c,13 :: 		Dcntr++;
0x0015	0x0AA8      	INCF       _Dcntr, 1
0x0016	0x1903      	BTFSC      STATUS, 2
0x0017	0x0AA9      	INCF       _Dcntr+1, 1
;TrafficLightProject.c,14 :: 		cntr++;
0x0018	0x0AAA      	INCF       _cntr, 1
0x0019	0x1903      	BTFSC      STATUS, 2
0x001A	0x0AAB      	INCF       _cntr+1, 1
;TrafficLightProject.c,15 :: 		for(k=0;k<4;k++){ //Check the 4 counters
0x001B	0x01BF      	CLRF       _k
L_interrupt1:
0x001C	0x3004      	MOVLW      4
0x001D	0x023F      	SUBWF      _k, 0
0x001E	0x1803      	BTFSC      STATUS, 0
0x001F	0x285B      	GOTO       L_interrupt2
;TrafficLightProject.c,16 :: 		laneCntrPorts = (1<<k);
0x0020	0x083F      	MOVF       _k, 0
0x0021	0x00F1      	MOVWF      R1
0x0022	0x3001      	MOVLW      1
0x0023	0x00F0      	MOVWF      R0
0x0024	0x0871      	MOVF       R1, 0
L__interrupt89:
0x0025	0x1903      	BTFSC      STATUS, 2
0x0026	0x282B      	GOTO       L__interrupt90
0x0027	0x0DF0      	RLF        R0, 1
0x0028	0x1070      	BCF        R0, 0
0x0029	0x3EFF      	ADDLW      255
0x002A	0x2825      	GOTO       L__interrupt89
L__interrupt90:
0x002B	0x0870      	MOVF       R0, 0
0x002C	0x00BE      	MOVWF      _laneCntrPorts
;TrafficLightProject.c,17 :: 		if((PORTD&laneCntrPorts) && !didRead[k]){
0x002D	0x0808      	MOVF       PORTD, 0
0x002E	0x05F0      	ANDWF      R0, 1
0x002F	0x1903      	BTFSC      STATUS, 2
0x0030	0x284A      	GOTO       L_interrupt6
0x0031	0x083F      	MOVF       _k, 0
0x0032	0x3E30      	ADDLW      _didRead
0x0033	0x0084      	MOVWF      FSR
0x0034	0x0800      	MOVF       INDF, 0
0x0035	0x00F0      	MOVWF      R0
0x0036	0x0870      	MOVF       R0, 0
0x0037	0x1D03      	BTFSS      STATUS, 2
0x0038	0x284A      	GOTO       L_interrupt6
L__interrupt83:
;TrafficLightProject.c,18 :: 		laneCntr[k]++;
0x0039	0x083F      	MOVF       _k, 0
0x003A	0x3E40      	ADDLW      _laneCntr
0x003B	0x00F1      	MOVWF      R1
0x003C	0x0871      	MOVF       R1, 0
0x003D	0x0084      	MOVWF      FSR
0x003E	0x0A00      	INCF       INDF, 0
0x003F	0x00F0      	MOVWF      R0
0x0040	0x0871      	MOVF       R1, 0
0x0041	0x0084      	MOVWF      FSR
0x0042	0x0870      	MOVF       R0, 0
0x0043	0x0080      	MOVWF      INDF
;TrafficLightProject.c,19 :: 		didRead[k] = 1;
0x0044	0x083F      	MOVF       _k, 0
0x0045	0x3E30      	ADDLW      _didRead
0x0046	0x0084      	MOVWF      FSR
0x0047	0x3001      	MOVLW      1
0x0048	0x0080      	MOVWF      INDF
;TrafficLightProject.c,20 :: 		}
0x0049	0x2859      	GOTO       L_interrupt7
L_interrupt6:
;TrafficLightProject.c,21 :: 		else if(!(PORTD&laneCntrPorts)&& didRead[k]){
0x004A	0x083E      	MOVF       _laneCntrPorts, 0
0x004B	0x0508      	ANDWF      PORTD, 0
0x004C	0x00F0      	MOVWF      R0
0x004D	0x1D03      	BTFSS      STATUS, 2
0x004E	0x2859      	GOTO       L_interrupt10
0x004F	0x083F      	MOVF       _k, 0
0x0050	0x3E30      	ADDLW      _didRead
0x0051	0x0084      	MOVWF      FSR
0x0052	0x0800      	MOVF       INDF, 0
0x0053	0x1903      	BTFSC      STATUS, 2
0x0054	0x2859      	GOTO       L_interrupt10
L__interrupt82:
;TrafficLightProject.c,22 :: 		didRead[k] = 0;
0x0055	0x083F      	MOVF       _k, 0
0x0056	0x3E30      	ADDLW      _didRead
0x0057	0x0084      	MOVWF      FSR
0x0058	0x0180      	CLRF       INDF
;TrafficLightProject.c,23 :: 		}
L_interrupt10:
L_interrupt7:
;TrafficLightProject.c,15 :: 		for(k=0;k<4;k++){ //Check the 4 counters
0x0059	0x0ABF      	INCF       _k, 1
;TrafficLightProject.c,24 :: 		}
0x005A	0x281C      	GOTO       L_interrupt1
L_interrupt2:
;TrafficLightProject.c,25 :: 		if(PORTB & 0x10){ambulanceFlag = 1;}
0x005B	0x1E06      	BTFSS      PORTB, 4
0x005C	0x285F      	GOTO       L_interrupt11
0x005D	0x3001      	MOVLW      1
0x005E	0x00AF      	MOVWF      _ambulanceFlag
L_interrupt11:
;TrafficLightProject.c,27 :: 		INTCON = INTCON & 0xFB;//clear T0IF (overflow Flag)
0x005F	0x30FB      	MOVLW      251
0x0060	0x058B      	ANDWF      INTCON, 1
;TrafficLightProject.c,28 :: 		}
L_interrupt0:
;TrafficLightProject.c,29 :: 		}
L_end_interrupt:
L__interrupt88:
0x0061	0x0821      	MOVF       33, 0
0x0062	0x00F0      	MOVWF      R0
0x0063	0x0820      	MOVF       32, 0
0x0064	0x00F1      	MOVWF      R1
0x0065	0x0822      	MOVF       34, 0
0x0066	0x0084      	MOVWF      FSR
0x0067	0x0845      	MOVF       ___savePCLATH, 0
0x0068	0x008A      	MOVWF      PCLATH
0x0069	0x0E44      	SWAPF      ___saveSTATUS, 0
0x006A	0x0083      	MOVWF      STATUS
0x006B	0x0EFF      	SWAPF      R15, 1
0x006C	0x0E7F      	SWAPF      R15, 0
0x006D	0x0009      	RETFIE
; end of _interrupt
_____DoICP:
;__Lib_System.c,6 :: 		
;__Lib_System.c,9 :: 		
0x006E	0x1283      	BCF        STATUS, 5
0x006F	0x1303      	BCF        STATUS, 6
0x0070	0x083D      	MOVF       ___DoICPAddr+1, 0
0x0071	0x008A      	MOVWF      PCLATH
;__Lib_System.c,10 :: 		
0x0072	0x083C      	MOVF       ___DoICPAddr, 0
0x0073	0x0082      	MOVWF      PCL
;__Lib_System.c,12 :: 		
L_end_____DoICP:
0x0074	0x0008      	RETURN
; end of _____DoICP
_mymsDelay:
;TrafficLightProject.c,103 :: 		void mymsDelay(unsigned int d){
;TrafficLightProject.c,104 :: 		Dcntr=0;
0x0075	0x1283      	BCF        STATUS, 5
0x0076	0x1303      	BCF        STATUS, 6
0x0077	0x01A8      	CLRF       _Dcntr
0x0078	0x01A9      	CLRF       _Dcntr+1
;TrafficLightProject.c,105 :: 		while(Dcntr<d);
L_mymsDelay40:
0x0079	0x0848      	MOVF       FARG_mymsDelay_d+1, 0
0x007A	0x0229      	SUBWF      _Dcntr+1, 0
0x007B	0x1D03      	BTFSS      STATUS, 2
0x007C	0x287F      	GOTO       L__mymsDelay95
0x007D	0x0847      	MOVF       FARG_mymsDelay_d, 0
0x007E	0x0228      	SUBWF      _Dcntr, 0
L__mymsDelay95:
0x007F	0x1803      	BTFSC      STATUS, 0
0x0080	0x2882      	GOTO       L_mymsDelay41
0x0081	0x2879      	GOTO       L_mymsDelay40
L_mymsDelay41:
;TrafficLightProject.c,106 :: 		}
L_end_mymsDelay:
0x0082	0x0008      	RETURN
; end of _mymsDelay
_trafficLights:
;TrafficLightProject.c,108 :: 		void trafficLights(unsigned char currentGreen){
;TrafficLightProject.c,109 :: 		numCycle++;
0x0083	0x1283      	BCF        STATUS, 5
0x0084	0x1303      	BCF        STATUS, 6
0x0085	0x0AA7      	INCF       _numCycle, 1
;TrafficLightProject.c,110 :: 		for (i = 0; i<4; i++){    //Fill redtrafficLightArr with the 3 lights that should be red.
0x0086	0x01BB      	CLRF       _i
L_trafficLights42:
0x0087	0x3004      	MOVLW      4
0x0088	0x023B      	SUBWF      _i, 0
0x0089	0x1803      	BTFSC      STATUS, 0
0x008A	0x28A2      	GOTO       L_trafficLights43
;TrafficLightProject.c,111 :: 		if(currentGreen == trafficLightArr[i])
0x008B	0x083B      	MOVF       _i, 0
0x008C	0x3E23      	ADDLW      _trafficLightArr
0x008D	0x0084      	MOVWF      FSR
0x008E	0x0846      	MOVF       FARG_trafficLights_currentGreen, 0
0x008F	0x0600      	XORWF      INDF, 0
0x0090	0x1D03      	BTFSS      STATUS, 2
0x0091	0x2893      	GOTO       L_trafficLights45
;TrafficLightProject.c,113 :: 		continue;
0x0092	0x28A0      	GOTO       L_trafficLights44
;TrafficLightProject.c,114 :: 		}else
L_trafficLights45:
;TrafficLightProject.c,116 :: 		redtrafficLightArr[redtrafficLightCntr] = trafficLightArr[i];
0x0093	0x0834      	MOVF       _redtrafficLightCntr, 0
0x0094	0x3E38      	ADDLW      _redtrafficLightArr
0x0095	0x00F1      	MOVWF      R1
0x0096	0x083B      	MOVF       _i, 0
0x0097	0x3E23      	ADDLW      _trafficLightArr
0x0098	0x0084      	MOVWF      FSR
0x0099	0x0800      	MOVF       INDF, 0
0x009A	0x00F0      	MOVWF      R0
0x009B	0x0871      	MOVF       R1, 0
0x009C	0x0084      	MOVWF      FSR
0x009D	0x0870      	MOVF       R0, 0
0x009E	0x0080      	MOVWF      INDF
;TrafficLightProject.c,117 :: 		redtrafficLightCntr++;
0x009F	0x0AB4      	INCF       _redtrafficLightCntr, 1
;TrafficLightProject.c,119 :: 		}
L_trafficLights44:
;TrafficLightProject.c,110 :: 		for (i = 0; i<4; i++){    //Fill redtrafficLightArr with the 3 lights that should be red.
0x00A0	0x0ABB      	INCF       _i, 1
;TrafficLightProject.c,119 :: 		}
0x00A1	0x2887      	GOTO       L_trafficLights42
L_trafficLights43:
;TrafficLightProject.c,120 :: 		redtrafficLightCntr = 0;
0x00A2	0x01B4      	CLRF       _redtrafficLightCntr
;TrafficLightProject.c,122 :: 		while(currentGreen != 8 & cntr < 2000){ //Red all lights
L_trafficLights47:
0x00A3	0x0846      	MOVF       FARG_trafficLights_currentGreen, 0
0x00A4	0x3A08      	XORLW      8
0x00A5	0x3001      	MOVLW      1
0x00A6	0x1903      	BTFSC      STATUS, 2
0x00A7	0x3000      	MOVLW      0
0x00A8	0x00F1      	MOVWF      R1
0x00A9	0x3007      	MOVLW      7
0x00AA	0x022B      	SUBWF      _cntr+1, 0
0x00AB	0x1D03      	BTFSS      STATUS, 2
0x00AC	0x28AF      	GOTO       L__trafficLights97
0x00AD	0x30D0      	MOVLW      208
0x00AE	0x022A      	SUBWF      _cntr, 0
L__trafficLights97:
0x00AF	0x3001      	MOVLW      1
0x00B0	0x1803      	BTFSC      STATUS, 0
0x00B1	0x3000      	MOVLW      0
0x00B2	0x00F0      	MOVWF      R0
0x00B3	0x0871      	MOVF       R1, 0
0x00B4	0x05F0      	ANDWF      R0, 1
0x00B5	0x1903      	BTFSC      STATUS, 2
0x00B6	0x28CB      	GOTO       L_trafficLights48
;TrafficLightProject.c,123 :: 		PORTC = 0x01;
0x00B7	0x3001      	MOVLW      1
0x00B8	0x0087      	MOVWF      PORTC
;TrafficLightProject.c,124 :: 		for(j = 0; j<4; j++){
0x00B9	0x01B7      	CLRF       _j
L_trafficLights49:
0x00BA	0x3004      	MOVLW      4
0x00BB	0x0237      	SUBWF      _j, 0
0x00BC	0x1803      	BTFSC      STATUS, 0
0x00BD	0x28CA      	GOTO       L_trafficLights50
;TrafficLightProject.c,125 :: 		PORTB = trafficLightArr[j];
0x00BE	0x0837      	MOVF       _j, 0
0x00BF	0x3E23      	ADDLW      _trafficLightArr
0x00C0	0x0084      	MOVWF      FSR
0x00C1	0x0800      	MOVF       INDF, 0
0x00C2	0x0086      	MOVWF      PORTB
;TrafficLightProject.c,126 :: 		mymsDelay(5);
0x00C3	0x3005      	MOVLW      5
0x00C4	0x00C7      	MOVWF      FARG_mymsDelay_d
0x00C5	0x3000      	MOVLW      0
0x00C6	0x00C8      	MOVWF      FARG_mymsDelay_d+1
0x00C7	0x2075      	CALL       _mymsDelay
;TrafficLightProject.c,124 :: 		for(j = 0; j<4; j++){
0x00C8	0x0AB7      	INCF       _j, 1
;TrafficLightProject.c,127 :: 		}
0x00C9	0x28BA      	GOTO       L_trafficLights49
L_trafficLights50:
;TrafficLightProject.c,128 :: 		}
0x00CA	0x28A3      	GOTO       L_trafficLights47
L_trafficLights48:
;TrafficLightProject.c,129 :: 		cntr = 0;
0x00CB	0x01AA      	CLRF       _cntr
0x00CC	0x01AB      	CLRF       _cntr+1
;TrafficLightProject.c,131 :: 		while(currentGreen != 8 & cntr < 8000){ //Green currentGreen PORT and Red the other
L_trafficLights52:
0x00CD	0x0846      	MOVF       FARG_trafficLights_currentGreen, 0
0x00CE	0x3A08      	XORLW      8
0x00CF	0x3001      	MOVLW      1
0x00D0	0x1903      	BTFSC      STATUS, 2
0x00D1	0x3000      	MOVLW      0
0x00D2	0x00F1      	MOVWF      R1
0x00D3	0x301F      	MOVLW      31
0x00D4	0x022B      	SUBWF      _cntr+1, 0
0x00D5	0x1D03      	BTFSS      STATUS, 2
0x00D6	0x28D9      	GOTO       L__trafficLights98
0x00D7	0x3040      	MOVLW      64
0x00D8	0x022A      	SUBWF      _cntr, 0
L__trafficLights98:
0x00D9	0x3001      	MOVLW      1
0x00DA	0x1803      	BTFSC      STATUS, 0
0x00DB	0x3000      	MOVLW      0
0x00DC	0x00F0      	MOVWF      R0
0x00DD	0x0871      	MOVF       R1, 0
0x00DE	0x05F0      	ANDWF      R0, 1
0x00DF	0x1903      	BTFSC      STATUS, 2
0x00E0	0x28FE      	GOTO       L_trafficLights53
;TrafficLightProject.c,132 :: 		PORTC = 0x04;
0x00E1	0x3004      	MOVLW      4
0x00E2	0x0087      	MOVWF      PORTC
;TrafficLightProject.c,133 :: 		PORTB = currentGreen;
0x00E3	0x0846      	MOVF       FARG_trafficLights_currentGreen, 0
0x00E4	0x0086      	MOVWF      PORTB
;TrafficLightProject.c,134 :: 		mymsDelay(5);
0x00E5	0x3005      	MOVLW      5
0x00E6	0x00C7      	MOVWF      FARG_mymsDelay_d
0x00E7	0x3000      	MOVLW      0
0x00E8	0x00C8      	MOVWF      FARG_mymsDelay_d+1
0x00E9	0x2075      	CALL       _mymsDelay
;TrafficLightProject.c,135 :: 		PORTC = 0x01;
0x00EA	0x3001      	MOVLW      1
0x00EB	0x0087      	MOVWF      PORTC
;TrafficLightProject.c,136 :: 		for(j = 0; j<3; j++){
0x00EC	0x01B7      	CLRF       _j
L_trafficLights54:
0x00ED	0x3003      	MOVLW      3
0x00EE	0x0237      	SUBWF      _j, 0
0x00EF	0x1803      	BTFSC      STATUS, 0
0x00F0	0x28FD      	GOTO       L_trafficLights55
;TrafficLightProject.c,137 :: 		PORTB = redtrafficLightArr[j];
0x00F1	0x0837      	MOVF       _j, 0
0x00F2	0x3E38      	ADDLW      _redtrafficLightArr
0x00F3	0x0084      	MOVWF      FSR
0x00F4	0x0800      	MOVF       INDF, 0
0x00F5	0x0086      	MOVWF      PORTB
;TrafficLightProject.c,138 :: 		mymsDelay(5);
0x00F6	0x3005      	MOVLW      5
0x00F7	0x00C7      	MOVWF      FARG_mymsDelay_d
0x00F8	0x3000      	MOVLW      0
0x00F9	0x00C8      	MOVWF      FARG_mymsDelay_d+1
0x00FA	0x2075      	CALL       _mymsDelay
;TrafficLightProject.c,136 :: 		for(j = 0; j<3; j++){
0x00FB	0x0AB7      	INCF       _j, 1
;TrafficLightProject.c,139 :: 		}
0x00FC	0x28ED      	GOTO       L_trafficLights54
L_trafficLights55:
;TrafficLightProject.c,140 :: 		}
0x00FD	0x28CD      	GOTO       L_trafficLights52
L_trafficLights53:
;TrafficLightProject.c,141 :: 		cntr =  0;
0x00FE	0x01AA      	CLRF       _cntr
0x00FF	0x01AB      	CLRF       _cntr+1
;TrafficLightProject.c,143 :: 		while(currentGreen != 8 & cntr < 1000){ //Yellow currentGreen PORT and Red the other
L_trafficLights57:
0x0100	0x0846      	MOVF       FARG_trafficLights_currentGreen, 0
0x0101	0x3A08      	XORLW      8
0x0102	0x3001      	MOVLW      1
0x0103	0x1903      	BTFSC      STATUS, 2
0x0104	0x3000      	MOVLW      0
0x0105	0x00F1      	MOVWF      R1
0x0106	0x3003      	MOVLW      3
0x0107	0x022B      	SUBWF      _cntr+1, 0
0x0108	0x1D03      	BTFSS      STATUS, 2
0x0109	0x290C      	GOTO       L__trafficLights99
0x010A	0x30E8      	MOVLW      232
0x010B	0x022A      	SUBWF      _cntr, 0
L__trafficLights99:
0x010C	0x3001      	MOVLW      1
0x010D	0x1803      	BTFSC      STATUS, 0
0x010E	0x3000      	MOVLW      0
0x010F	0x00F0      	MOVWF      R0
0x0110	0x0871      	MOVF       R1, 0
0x0111	0x05F0      	ANDWF      R0, 1
0x0112	0x1903      	BTFSC      STATUS, 2
0x0113	0x2931      	GOTO       L_trafficLights58
;TrafficLightProject.c,144 :: 		PORTC = 0x02;
0x0114	0x3002      	MOVLW      2
0x0115	0x0087      	MOVWF      PORTC
;TrafficLightProject.c,145 :: 		PORTB = currentGreen;
0x0116	0x0846      	MOVF       FARG_trafficLights_currentGreen, 0
0x0117	0x0086      	MOVWF      PORTB
;TrafficLightProject.c,146 :: 		mymsDelay(5);
0x0118	0x3005      	MOVLW      5
0x0119	0x00C7      	MOVWF      FARG_mymsDelay_d
0x011A	0x3000      	MOVLW      0
0x011B	0x00C8      	MOVWF      FARG_mymsDelay_d+1
0x011C	0x2075      	CALL       _mymsDelay
;TrafficLightProject.c,147 :: 		PORTC = 0x01;
0x011D	0x3001      	MOVLW      1
0x011E	0x0087      	MOVWF      PORTC
;TrafficLightProject.c,148 :: 		for(j = 0; j<3; j++){
0x011F	0x01B7      	CLRF       _j
L_trafficLights59:
0x0120	0x3003      	MOVLW      3
0x0121	0x0237      	SUBWF      _j, 0
0x0122	0x1803      	BTFSC      STATUS, 0
0x0123	0x2930      	GOTO       L_trafficLights60
;TrafficLightProject.c,149 :: 		PORTB = redtrafficLightArr[j];
0x0124	0x0837      	MOVF       _j, 0
0x0125	0x3E38      	ADDLW      _redtrafficLightArr
0x0126	0x0084      	MOVWF      FSR
0x0127	0x0800      	MOVF       INDF, 0
0x0128	0x0086      	MOVWF      PORTB
;TrafficLightProject.c,150 :: 		mymsDelay(5);
0x0129	0x3005      	MOVLW      5
0x012A	0x00C7      	MOVWF      FARG_mymsDelay_d
0x012B	0x3000      	MOVLW      0
0x012C	0x00C8      	MOVWF      FARG_mymsDelay_d+1
0x012D	0x2075      	CALL       _mymsDelay
;TrafficLightProject.c,148 :: 		for(j = 0; j<3; j++){
0x012E	0x0AB7      	INCF       _j, 1
;TrafficLightProject.c,151 :: 		}
0x012F	0x2920      	GOTO       L_trafficLights59
L_trafficLights60:
;TrafficLightProject.c,152 :: 		}
0x0130	0x2900      	GOTO       L_trafficLights57
L_trafficLights58:
;TrafficLightProject.c,153 :: 		cntr =  0;
0x0131	0x01AA      	CLRF       _cntr
0x0132	0x01AB      	CLRF       _cntr+1
;TrafficLightProject.c,154 :: 		}
L_end_trafficLights:
0x0133	0x0008      	RETURN
; end of _trafficLights
___CC2DW:
;__Lib_System.c,134 :: 		
;__Lib_System.c,137 :: 		
_CC2D_Loop1:
;__Lib_System.c,139 :: 		
0x0134	0x206E      	CALL       _____DoICP
0x0135	0x118A      	BCF        PCLATH, 3
0x0136	0x120A      	BCF        PCLATH, 4
;__Lib_System.c,141 :: 		
0x0137	0x0080      	MOVWF      INDF
;__Lib_System.c,142 :: 		
0x0138	0x0A84      	INCF       FSR, 1
;__Lib_System.c,143 :: 		
0x0139	0x0ABC      	INCF       ___DoICPAddr, 1
;__Lib_System.c,145 :: 		
0x013A	0x1903      	BTFSC      STATUS, 2
;__Lib_System.c,146 :: 		
0x013B	0x0ABD      	INCF       ___DoICPAddr+1, 1
;__Lib_System.c,147 :: 		
0x013C	0x03F0      	DECF       R0, 1
;__Lib_System.c,149 :: 		
0x013D	0x1D03      	BTFSS      STATUS, 2
;__Lib_System.c,150 :: 		
0x013E	0x2934      	GOTO       _CC2D_Loop1
;__Lib_System.c,152 :: 		
L_end___CC2DW:
0x013F	0x0008      	RETURN
; end of ___CC2DW
_redAllLights:
;TrafficLightProject.c,156 :: 		void redAllLights(){
;TrafficLightProject.c,157 :: 		while (cntr < 10000){ //Red all lights
L_redAllLights62:
0x0140	0x3027      	MOVLW      39
0x0141	0x1283      	BCF        STATUS, 5
0x0142	0x1303      	BCF        STATUS, 6
0x0143	0x022B      	SUBWF      _cntr+1, 0
0x0144	0x1D03      	BTFSS      STATUS, 2
0x0145	0x2948      	GOTO       L__redAllLights101
0x0146	0x3010      	MOVLW      16
0x0147	0x022A      	SUBWF      _cntr, 0
L__redAllLights101:
0x0148	0x1803      	BTFSC      STATUS, 0
0x0149	0x295E      	GOTO       L_redAllLights63
;TrafficLightProject.c,158 :: 		PORTC = 0x01;
0x014A	0x3001      	MOVLW      1
0x014B	0x0087      	MOVWF      PORTC
;TrafficLightProject.c,159 :: 		for(j = 0; j<4; j++){
0x014C	0x01B7      	CLRF       _j
L_redAllLights64:
0x014D	0x3004      	MOVLW      4
0x014E	0x0237      	SUBWF      _j, 0
0x014F	0x1803      	BTFSC      STATUS, 0
0x0150	0x295D      	GOTO       L_redAllLights65
;TrafficLightProject.c,160 :: 		PORTB = trafficLightArr[j];
0x0151	0x0837      	MOVF       _j, 0
0x0152	0x3E23      	ADDLW      _trafficLightArr
0x0153	0x0084      	MOVWF      FSR
0x0154	0x0800      	MOVF       INDF, 0
0x0155	0x0086      	MOVWF      PORTB
;TrafficLightProject.c,161 :: 		mymsDelay(5);
0x0156	0x3005      	MOVLW      5
0x0157	0x00C7      	MOVWF      FARG_mymsDelay_d
0x0158	0x3000      	MOVLW      0
0x0159	0x00C8      	MOVWF      FARG_mymsDelay_d+1
0x015A	0x2075      	CALL       _mymsDelay
;TrafficLightProject.c,159 :: 		for(j = 0; j<4; j++){
0x015B	0x0AB7      	INCF       _j, 1
;TrafficLightProject.c,162 :: 		}
0x015C	0x294D      	GOTO       L_redAllLights64
L_redAllLights65:
;TrafficLightProject.c,163 :: 		}
0x015D	0x2940      	GOTO       L_redAllLights62
L_redAllLights63:
;TrafficLightProject.c,164 :: 		cntr = 0;
0x015E	0x01AA      	CLRF       _cntr
0x015F	0x01AB      	CLRF       _cntr+1
;TrafficLightProject.c,165 :: 		}
L_end_redAllLights:
0x0160	0x0008      	RETURN
; end of _redAllLights
_Ambulance:
;TrafficLightProject.c,167 :: 		void Ambulance(){
;TrafficLightProject.c,168 :: 		while(currentGreen != 8 & cntr < 3000){ //Red all lights
L_Ambulance67:
0x0161	0x1283      	BCF        STATUS, 5
0x0162	0x1303      	BCF        STATUS, 6
0x0163	0x082C      	MOVF       _currentGreen, 0
0x0164	0x3A08      	XORLW      8
0x0165	0x3001      	MOVLW      1
0x0166	0x1903      	BTFSC      STATUS, 2
0x0167	0x3000      	MOVLW      0
0x0168	0x00F1      	MOVWF      R1
0x0169	0x300B      	MOVLW      11
0x016A	0x022B      	SUBWF      _cntr+1, 0
0x016B	0x1D03      	BTFSS      STATUS, 2
0x016C	0x296F      	GOTO       L__Ambulance103
0x016D	0x30B8      	MOVLW      184
0x016E	0x022A      	SUBWF      _cntr, 0
L__Ambulance103:
0x016F	0x3001      	MOVLW      1
0x0170	0x1803      	BTFSC      STATUS, 0
0x0171	0x3000      	MOVLW      0
0x0172	0x00F0      	MOVWF      R0
0x0173	0x0871      	MOVF       R1, 0
0x0174	0x05F0      	ANDWF      R0, 1
0x0175	0x1903      	BTFSC      STATUS, 2
0x0176	0x298B      	GOTO       L_Ambulance68
;TrafficLightProject.c,169 :: 		PORTC = 0x01;
0x0177	0x3001      	MOVLW      1
0x0178	0x0087      	MOVWF      PORTC
;TrafficLightProject.c,170 :: 		for(j = 0; j<4; j++){
0x0179	0x01B7      	CLRF       _j
L_Ambulance69:
0x017A	0x3004      	MOVLW      4
0x017B	0x0237      	SUBWF      _j, 0
0x017C	0x1803      	BTFSC      STATUS, 0
0x017D	0x298A      	GOTO       L_Ambulance70
;TrafficLightProject.c,171 :: 		PORTB = trafficLightArr[j];
0x017E	0x0837      	MOVF       _j, 0
0x017F	0x3E23      	ADDLW      _trafficLightArr
0x0180	0x0084      	MOVWF      FSR
0x0181	0x0800      	MOVF       INDF, 0
0x0182	0x0086      	MOVWF      PORTB
;TrafficLightProject.c,172 :: 		mymsDelay(5);
0x0183	0x3005      	MOVLW      5
0x0184	0x00C7      	MOVWF      FARG_mymsDelay_d
0x0185	0x3000      	MOVLW      0
0x0186	0x00C8      	MOVWF      FARG_mymsDelay_d+1
0x0187	0x2075      	CALL       _mymsDelay
;TrafficLightProject.c,170 :: 		for(j = 0; j<4; j++){
0x0188	0x0AB7      	INCF       _j, 1
;TrafficLightProject.c,173 :: 		}
0x0189	0x297A      	GOTO       L_Ambulance69
L_Ambulance70:
;TrafficLightProject.c,174 :: 		}
0x018A	0x2961      	GOTO       L_Ambulance67
L_Ambulance68:
;TrafficLightProject.c,175 :: 		cntr = 0;
0x018B	0x01AA      	CLRF       _cntr
0x018C	0x01AB      	CLRF       _cntr+1
;TrafficLightProject.c,177 :: 		while(currentGreen != 8 & cntr < 10000){ //Green currentGreen PORT and Red the other
L_Ambulance72:
0x018D	0x082C      	MOVF       _currentGreen, 0
0x018E	0x3A08      	XORLW      8
0x018F	0x3001      	MOVLW      1
0x0190	0x1903      	BTFSC      STATUS, 2
0x0191	0x3000      	MOVLW      0
0x0192	0x00F1      	MOVWF      R1
0x0193	0x3027      	MOVLW      39
0x0194	0x022B      	SUBWF      _cntr+1, 0
0x0195	0x1D03      	BTFSS      STATUS, 2
0x0196	0x2999      	GOTO       L__Ambulance104
0x0197	0x3010      	MOVLW      16
0x0198	0x022A      	SUBWF      _cntr, 0
L__Ambulance104:
0x0199	0x3001      	MOVLW      1
0x019A	0x1803      	BTFSC      STATUS, 0
0x019B	0x3000      	MOVLW      0
0x019C	0x00F0      	MOVWF      R0
0x019D	0x0871      	MOVF       R1, 0
0x019E	0x05F0      	ANDWF      R0, 1
0x019F	0x1903      	BTFSC      STATUS, 2
0x01A0	0x29BE      	GOTO       L_Ambulance73
;TrafficLightProject.c,178 :: 		PORTC = 0x04;
0x01A1	0x3004      	MOVLW      4
0x01A2	0x0087      	MOVWF      PORTC
;TrafficLightProject.c,179 :: 		PORTB = 0;
0x01A3	0x0186      	CLRF       PORTB
;TrafficLightProject.c,180 :: 		mymsDelay(5);
0x01A4	0x3005      	MOVLW      5
0x01A5	0x00C7      	MOVWF      FARG_mymsDelay_d
0x01A6	0x3000      	MOVLW      0
0x01A7	0x00C8      	MOVWF      FARG_mymsDelay_d+1
0x01A8	0x2075      	CALL       _mymsDelay
;TrafficLightProject.c,181 :: 		PORTC = 0x01;
0x01A9	0x3001      	MOVLW      1
0x01AA	0x0087      	MOVWF      PORTC
;TrafficLightProject.c,182 :: 		for(j = 1; j<4; j++){
0x01AB	0x3001      	MOVLW      1
0x01AC	0x00B7      	MOVWF      _j
L_Ambulance74:
0x01AD	0x3004      	MOVLW      4
0x01AE	0x0237      	SUBWF      _j, 0
0x01AF	0x1803      	BTFSC      STATUS, 0
0x01B0	0x29BD      	GOTO       L_Ambulance75
;TrafficLightProject.c,183 :: 		PORTB = trafficLightArr[j];
0x01B1	0x0837      	MOVF       _j, 0
0x01B2	0x3E23      	ADDLW      _trafficLightArr
0x01B3	0x0084      	MOVWF      FSR
0x01B4	0x0800      	MOVF       INDF, 0
0x01B5	0x0086      	MOVWF      PORTB
;TrafficLightProject.c,184 :: 		mymsDelay(5);
0x01B6	0x3005      	MOVLW      5
0x01B7	0x00C7      	MOVWF      FARG_mymsDelay_d
0x01B8	0x3000      	MOVLW      0
0x01B9	0x00C8      	MOVWF      FARG_mymsDelay_d+1
0x01BA	0x2075      	CALL       _mymsDelay
;TrafficLightProject.c,182 :: 		for(j = 1; j<4; j++){
0x01BB	0x0AB7      	INCF       _j, 1
;TrafficLightProject.c,185 :: 		}
0x01BC	0x29AD      	GOTO       L_Ambulance74
L_Ambulance75:
;TrafficLightProject.c,186 :: 		}
0x01BD	0x298D      	GOTO       L_Ambulance72
L_Ambulance73:
;TrafficLightProject.c,187 :: 		cntr =  0;
0x01BE	0x01AA      	CLRF       _cntr
0x01BF	0x01AB      	CLRF       _cntr+1
;TrafficLightProject.c,189 :: 		while(currentGreen != 8 & cntr < 1000){ //Yellow currentGreen PORT and Red the other
L_Ambulance77:
0x01C0	0x082C      	MOVF       _currentGreen, 0
0x01C1	0x3A08      	XORLW      8
0x01C2	0x3001      	MOVLW      1
0x01C3	0x1903      	BTFSC      STATUS, 2
0x01C4	0x3000      	MOVLW      0
0x01C5	0x00F1      	MOVWF      R1
0x01C6	0x3003      	MOVLW      3
0x01C7	0x022B      	SUBWF      _cntr+1, 0
0x01C8	0x1D03      	BTFSS      STATUS, 2
0x01C9	0x29CC      	GOTO       L__Ambulance105
0x01CA	0x30E8      	MOVLW      232
0x01CB	0x022A      	SUBWF      _cntr, 0
L__Ambulance105:
0x01CC	0x3001      	MOVLW      1
0x01CD	0x1803      	BTFSC      STATUS, 0
0x01CE	0x3000      	MOVLW      0
0x01CF	0x00F0      	MOVWF      R0
0x01D0	0x0871      	MOVF       R1, 0
0x01D1	0x05F0      	ANDWF      R0, 1
0x01D2	0x1903      	BTFSC      STATUS, 2
0x01D3	0x29F1      	GOTO       L_Ambulance78
;TrafficLightProject.c,190 :: 		PORTC = 0x02;
0x01D4	0x3002      	MOVLW      2
0x01D5	0x0087      	MOVWF      PORTC
;TrafficLightProject.c,191 :: 		PORTB = 0;
0x01D6	0x0186      	CLRF       PORTB
;TrafficLightProject.c,192 :: 		mymsDelay(5);
0x01D7	0x3005      	MOVLW      5
0x01D8	0x00C7      	MOVWF      FARG_mymsDelay_d
0x01D9	0x3000      	MOVLW      0
0x01DA	0x00C8      	MOVWF      FARG_mymsDelay_d+1
0x01DB	0x2075      	CALL       _mymsDelay
;TrafficLightProject.c,193 :: 		PORTC = 0x01;
0x01DC	0x3001      	MOVLW      1
0x01DD	0x0087      	MOVWF      PORTC
;TrafficLightProject.c,194 :: 		for(j = 1; j<4; j++){
0x01DE	0x3001      	MOVLW      1
0x01DF	0x00B7      	MOVWF      _j
L_Ambulance79:
0x01E0	0x3004      	MOVLW      4
0x01E1	0x0237      	SUBWF      _j, 0
0x01E2	0x1803      	BTFSC      STATUS, 0
0x01E3	0x29F0      	GOTO       L_Ambulance80
;TrafficLightProject.c,195 :: 		PORTB = trafficLightArr[j];
0x01E4	0x0837      	MOVF       _j, 0
0x01E5	0x3E23      	ADDLW      _trafficLightArr
0x01E6	0x0084      	MOVWF      FSR
0x01E7	0x0800      	MOVF       INDF, 0
0x01E8	0x0086      	MOVWF      PORTB
;TrafficLightProject.c,196 :: 		mymsDelay(5);
0x01E9	0x3005      	MOVLW      5
0x01EA	0x00C7      	MOVWF      FARG_mymsDelay_d
0x01EB	0x3000      	MOVLW      0
0x01EC	0x00C8      	MOVWF      FARG_mymsDelay_d+1
0x01ED	0x2075      	CALL       _mymsDelay
;TrafficLightProject.c,194 :: 		for(j = 1; j<4; j++){
0x01EE	0x0AB7      	INCF       _j, 1
;TrafficLightProject.c,197 :: 		}
0x01EF	0x29E0      	GOTO       L_Ambulance79
L_Ambulance80:
;TrafficLightProject.c,198 :: 		}
0x01F0	0x29C0      	GOTO       L_Ambulance77
L_Ambulance78:
;TrafficLightProject.c,199 :: 		cntr =  0;
0x01F1	0x01AA      	CLRF       _cntr
0x01F2	0x01AB      	CLRF       _cntr+1
;TrafficLightProject.c,200 :: 		}
L_end_Ambulance:
0x01F3	0x0008      	RETURN
; end of _Ambulance
_main:
0x01F4	0x1283      	BCF        STATUS, 5
0x01F5	0x1303      	BCF        STATUS, 6
0x01F6	0x01A3      	CLRF       _trafficLightArr
0x01F7	0x3001      	MOVLW      1
0x01F8	0x00A4      	MOVWF      36
0x01F9	0x3002      	MOVLW      2
0x01FA	0x00A5      	MOVWF      37
0x01FB	0x3003      	MOVLW      3
0x01FC	0x00A6      	MOVWF      38
0x01FD	0x01A7      	CLRF       _numCycle
0x01FE	0x01A8      	CLRF       _Dcntr
0x01FF	0x01A9      	CLRF       41
0x0200	0x01AA      	CLRF       _cntr
0x0201	0x01AB      	CLRF       43
0x0202	0x01AC      	CLRF       _currentGreen
0x0203	0x01AD      	CLRF       _specialFlagThree
0x0204	0x01AE      	CLRF       _orderChanged
0x0205	0x01AF      	CLRF       _ambulanceFlag
0x0206	0x01B0      	CLRF       _didRead
0x0207	0x01B1      	CLRF       49
0x0208	0x01B2      	CLRF       50
0x0209	0x01B3      	CLRF       51
0x020A	0x01B4      	CLRF       _redtrafficLightCntr
0x020B	0x3008      	MOVLW      8
0x020C	0x00B5      	MOVWF      _savedGreen
0x020D	0x3001      	MOVLW      1
0x020E	0x00B6      	MOVWF      _enableDefaultCntr
;TrafficLightProject.c,31 :: 		void main() {
;TrafficLightProject.c,33 :: 		OPTION_REG = 0x87; //Slowest Prescaler option
0x020F	0x3087      	MOVLW      135
0x0210	0x1683      	BSF        STATUS, 5
0x0211	0x0081      	MOVWF      OPTION_REG
;TrafficLightProject.c,34 :: 		TMR0=248; //To count 8 times
0x0212	0x30F8      	MOVLW      248
0x0213	0x1283      	BCF        STATUS, 5
0x0214	0x0081      	MOVWF      TMR0
;TrafficLightProject.c,35 :: 		INTCON = INTCON | 0xA0;//Enable global INT, Enable overflow INT
0x0215	0x30A0      	MOVLW      160
0x0216	0x048B      	IORWF      INTCON, 1
;TrafficLightProject.c,38 :: 		TRISB = 0x10;
0x0217	0x3010      	MOVLW      16
0x0218	0x1683      	BSF        STATUS, 5
0x0219	0x0086      	MOVWF      TRISB
;TrafficLightProject.c,39 :: 		TRISC = 0x08; //RC3: Bus IR Sensor
0x021A	0x3008      	MOVLW      8
0x021B	0x0087      	MOVWF      TRISC
;TrafficLightProject.c,40 :: 		TRISD = 0x0F; //IR Sensors RD0 - RD3
0x021C	0x300F      	MOVLW      15
0x021D	0x0088      	MOVWF      TRISD
;TrafficLightProject.c,43 :: 		PORTB = 0x00; //RB0 -> RB3 : Traffic lights 1 - 4
0x021E	0x1283      	BCF        STATUS, 5
0x021F	0x0186      	CLRF       PORTB
;TrafficLightProject.c,44 :: 		PORTC = 0x00; //RC0:Red, RC1:Yellow, RC2:Green
0x0220	0x0187      	CLRF       PORTC
;TrafficLightProject.c,45 :: 		PORTD = 0x10; //Bus Traffic Light RD0: Red, RD1:Green
0x0221	0x3010      	MOVLW      16
0x0222	0x0088      	MOVWF      PORTD
;TrafficLightProject.c,47 :: 		mymsDelay(500);
0x0223	0x30F4      	MOVLW      244
0x0224	0x00C7      	MOVWF      FARG_mymsDelay_d
0x0225	0x3001      	MOVLW      1
0x0226	0x00C8      	MOVWF      FARG_mymsDelay_d+1
0x0227	0x2075      	CALL       _mymsDelay
;TrafficLightProject.c,48 :: 		for(k=0;k<4;k++){
0x0228	0x01BF      	CLRF       _k
L_main12:
0x0229	0x3004      	MOVLW      4
0x022A	0x023F      	SUBWF      _k, 0
0x022B	0x1803      	BTFSC      STATUS, 0
0x022C	0x2A33      	GOTO       L_main13
;TrafficLightProject.c,49 :: 		laneCntr[k] = 0;
0x022D	0x083F      	MOVF       _k, 0
0x022E	0x3E40      	ADDLW      _laneCntr
0x022F	0x0084      	MOVWF      FSR
0x0230	0x0180      	CLRF       INDF
;TrafficLightProject.c,48 :: 		for(k=0;k<4;k++){
0x0231	0x0ABF      	INCF       _k, 1
;TrafficLightProject.c,50 :: 		}
0x0232	0x2A29      	GOTO       L_main12
L_main13:
;TrafficLightProject.c,52 :: 		while (1){
L_main15:
;TrafficLightProject.c,54 :: 		trafficLights(currentGreen);
0x0233	0x082C      	MOVF       _currentGreen, 0
0x0234	0x00C6      	MOVWF      FARG_trafficLights_currentGreen
0x0235	0x2083      	CALL       _trafficLights
;TrafficLightProject.c,56 :: 		enableDefaultCntr = 1;
0x0236	0x3001      	MOVLW      1
0x0237	0x00B6      	MOVWF      _enableDefaultCntr
;TrafficLightProject.c,58 :: 		if(savedGreen != 8){
0x0238	0x0835      	MOVF       _savedGreen, 0
0x0239	0x3A08      	XORLW      8
0x023A	0x1903      	BTFSC      STATUS, 2
0x023B	0x2A53      	GOTO       L_main17
;TrafficLightProject.c,59 :: 		if(currentGreen == savedGreen+1){currentGreen = savedGreen+2;}
0x023C	0x0835      	MOVF       _savedGreen, 0
0x023D	0x3E01      	ADDLW      1
0x023E	0x00F1      	MOVWF      R1
0x023F	0x01F2      	CLRF       R1+1
0x0240	0x1803      	BTFSC      STATUS, 0
0x0241	0x0AF2      	INCF       R1+1, 1
0x0242	0x3000      	MOVLW      0
0x0243	0x0672      	XORWF      R1+1, 0
0x0244	0x1D03      	BTFSS      STATUS, 2
0x0245	0x2A48      	GOTO       L__main92
0x0246	0x0871      	MOVF       R1, 0
0x0247	0x062C      	XORWF      _currentGreen, 0
L__main92:
0x0248	0x1D03      	BTFSS      STATUS, 2
0x0249	0x2A4E      	GOTO       L_main18
0x024A	0x3002      	MOVLW      2
0x024B	0x0735      	ADDWF      _savedGreen, 0
0x024C	0x00AC      	MOVWF      _currentGreen
0x024D	0x2A50      	GOTO       L_main19
L_main18:
;TrafficLightProject.c,60 :: 		else{currentGreen = savedGreen+1;}
0x024E	0x0A35      	INCF       _savedGreen, 0
0x024F	0x00AC      	MOVWF      _currentGreen
L_main19:
;TrafficLightProject.c,61 :: 		savedGreen = 8;
0x0250	0x3008      	MOVLW      8
0x0251	0x00B5      	MOVWF      _savedGreen
;TrafficLightProject.c,62 :: 		enableDefaultCntr = 0;
0x0252	0x01B6      	CLRF       _enableDefaultCntr
;TrafficLightProject.c,63 :: 		}
L_main17:
;TrafficLightProject.c,65 :: 		for(i=0;i<4;i++){
0x0253	0x01BB      	CLRF       _i
L_main20:
0x0254	0x3004      	MOVLW      4
0x0255	0x023B      	SUBWF      _i, 0
0x0256	0x1803      	BTFSC      STATUS, 0
0x0257	0x2A8B      	GOTO       L_main21
;TrafficLightProject.c,66 :: 		if(laneCntr[i] >=3 && orderChanged == 0){
0x0258	0x083B      	MOVF       _i, 0
0x0259	0x3E40      	ADDLW      _laneCntr
0x025A	0x0084      	MOVWF      FSR
0x025B	0x3003      	MOVLW      3
0x025C	0x0200      	SUBWF      INDF, 0
0x025D	0x1C03      	BTFSS      STATUS, 0
0x025E	0x2A89      	GOTO       L_main25
0x025F	0x082E      	MOVF       _orderChanged, 0
0x0260	0x3A00      	XORLW      0
0x0261	0x1D03      	BTFSS      STATUS, 2
0x0262	0x2A89      	GOTO       L_main25
L__main86:
;TrafficLightProject.c,67 :: 		if(i <= currentGreen || i == currentGreen+1){continue;}//Disallowing giving priortey to an already green light OR if next in queue
0x0263	0x083B      	MOVF       _i, 0
0x0264	0x022C      	SUBWF      _currentGreen, 0
0x0265	0x1803      	BTFSC      STATUS, 0
0x0266	0x2A76      	GOTO       L__main85
0x0267	0x082C      	MOVF       _currentGreen, 0
0x0268	0x3E01      	ADDLW      1
0x0269	0x00F1      	MOVWF      R1
0x026A	0x01F2      	CLRF       R1+1
0x026B	0x1803      	BTFSC      STATUS, 0
0x026C	0x0AF2      	INCF       R1+1, 1
0x026D	0x3000      	MOVLW      0
0x026E	0x0672      	XORWF      R1+1, 0
0x026F	0x1D03      	BTFSS      STATUS, 2
0x0270	0x2A73      	GOTO       L__main93
0x0271	0x0871      	MOVF       R1, 0
0x0272	0x063B      	XORWF      _i, 0
L__main93:
0x0273	0x1903      	BTFSC      STATUS, 2
0x0274	0x2A76      	GOTO       L__main85
0x0275	0x2A77      	GOTO       L_main28
L__main85:
0x0276	0x2A89      	GOTO       L_main22
L_main28:
;TrafficLightProject.c,68 :: 		if(i == 2){specialFlagThree = 1;}
0x0277	0x083B      	MOVF       _i, 0
0x0278	0x3A02      	XORLW      2
0x0279	0x1D03      	BTFSS      STATUS, 2
0x027A	0x2A7D      	GOTO       L_main29
0x027B	0x3001      	MOVLW      1
0x027C	0x00AD      	MOVWF      _specialFlagThree
L_main29:
;TrafficLightProject.c,69 :: 		laneCntr[i] = 0;
0x027D	0x083B      	MOVF       _i, 0
0x027E	0x3E40      	ADDLW      _laneCntr
0x027F	0x0084      	MOVWF      FSR
0x0280	0x0180      	CLRF       INDF
;TrafficLightProject.c,70 :: 		savedGreen = currentGreen;
0x0281	0x082C      	MOVF       _currentGreen, 0
0x0282	0x00B5      	MOVWF      _savedGreen
;TrafficLightProject.c,71 :: 		currentGreen = i;
0x0283	0x083B      	MOVF       _i, 0
0x0284	0x00AC      	MOVWF      _currentGreen
;TrafficLightProject.c,72 :: 		orderChanged = 1;
0x0285	0x3001      	MOVLW      1
0x0286	0x00AE      	MOVWF      _orderChanged
;TrafficLightProject.c,73 :: 		enableDefaultCntr = 0;
0x0287	0x01B6      	CLRF       _enableDefaultCntr
;TrafficLightProject.c,74 :: 		break;
0x0288	0x2A8B      	GOTO       L_main21
;TrafficLightProject.c,75 :: 		}
L_main25:
;TrafficLightProject.c,76 :: 		}
L_main22:
;TrafficLightProject.c,65 :: 		for(i=0;i<4;i++){
0x0289	0x0ABB      	INCF       _i, 1
;TrafficLightProject.c,76 :: 		}
0x028A	0x2A54      	GOTO       L_main20
L_main21:
;TrafficLightProject.c,77 :: 		if(enableDefaultCntr && specialFlagThree){currentGreen = currentGreen + 2;specialFlagThree = 0;}
0x028B	0x0836      	MOVF       _enableDefaultCntr, 0
0x028C	0x1903      	BTFSC      STATUS, 2
0x028D	0x2A95      	GOTO       L_main32
0x028E	0x082D      	MOVF       _specialFlagThree, 0
0x028F	0x1903      	BTFSC      STATUS, 2
0x0290	0x2A95      	GOTO       L_main32
L__main84:
0x0291	0x3002      	MOVLW      2
0x0292	0x07AC      	ADDWF      _currentGreen, 1
0x0293	0x01AD      	CLRF       _specialFlagThree
0x0294	0x2A99      	GOTO       L_main33
L_main32:
;TrafficLightProject.c,78 :: 		else if(enableDefaultCntr){currentGreen++;}
0x0295	0x0836      	MOVF       _enableDefaultCntr, 0
0x0296	0x1903      	BTFSC      STATUS, 2
0x0297	0x2A99      	GOTO       L_main34
0x0298	0x0AAC      	INCF       _currentGreen, 1
L_main34:
L_main33:
;TrafficLightProject.c,80 :: 		if(currentGreen > 3){
0x0299	0x082C      	MOVF       _currentGreen, 0
0x029A	0x3C03      	SUBLW      3
0x029B	0x1803      	BTFSC      STATUS, 0
0x029C	0x2A9E      	GOTO       L_main35
;TrafficLightProject.c,81 :: 		currentGreen = 0;
0x029D	0x01AC      	CLRF       _currentGreen
;TrafficLightProject.c,82 :: 		}
L_main35:
;TrafficLightProject.c,83 :: 		if(numCycle==4){orderChanged = 0;currentGreen = 0;numCycle=0;}
0x029E	0x0827      	MOVF       _numCycle, 0
0x029F	0x3A04      	XORLW      4
0x02A0	0x1D03      	BTFSS      STATUS, 2
0x02A1	0x2AA5      	GOTO       L_main36
0x02A2	0x01AE      	CLRF       _orderChanged
0x02A3	0x01AC      	CLRF       _currentGreen
0x02A4	0x01A7      	CLRF       _numCycle
L_main36:
;TrafficLightProject.c,85 :: 		if(ambulanceFlag){
0x02A5	0x082F      	MOVF       _ambulanceFlag, 0
0x02A6	0x1903      	BTFSC      STATUS, 2
0x02A7	0x2AAA      	GOTO       L_main37
;TrafficLightProject.c,86 :: 		Ambulance();
0x02A8	0x2161      	CALL       _Ambulance
;TrafficLightProject.c,87 :: 		ambulanceFlag = 0;
0x02A9	0x01AF      	CLRF       _ambulanceFlag
;TrafficLightProject.c,88 :: 		}
L_main37:
;TrafficLightProject.c,90 :: 		if(ambulanceFlag){
0x02AA	0x082F      	MOVF       _ambulanceFlag, 0
0x02AB	0x1903      	BTFSC      STATUS, 2
0x02AC	0x2AAF      	GOTO       L_main38
;TrafficLightProject.c,91 :: 		Ambulance();
0x02AD	0x2161      	CALL       _Ambulance
;TrafficLightProject.c,92 :: 		ambulanceFlag = 0;
0x02AE	0x01AF      	CLRF       _ambulanceFlag
;TrafficLightProject.c,93 :: 		}
L_main38:
;TrafficLightProject.c,95 :: 		if(PORTC & 0x08){//Check Bus
0x02AF	0x1D87      	BTFSS      PORTC, 3
0x02B0	0x2AB6      	GOTO       L_main39
;TrafficLightProject.c,96 :: 		PORTD = 0x20;
0x02B1	0x3020      	MOVLW      32
0x02B2	0x0088      	MOVWF      PORTD
;TrafficLightProject.c,97 :: 		redAllLights();
0x02B3	0x2140      	CALL       _redAllLights
;TrafficLightProject.c,98 :: 		PORTD = 0x10;
0x02B4	0x3010      	MOVLW      16
0x02B5	0x0088      	MOVWF      PORTD
;TrafficLightProject.c,99 :: 		}
L_main39:
;TrafficLightProject.c,100 :: 		}
0x02B6	0x2A33      	GOTO       L_main15
;TrafficLightProject.c,101 :: 		}
L_end_main:
0x02B7	0x2AB7      	GOTO       $+0
; end of _main
Symbol List:
//** Routines locations **
//ADDRESS    SIZE    PROCEDURE
//----------------------------------------------
0x0004     [106]    _interrupt
0x006E       [7]    _____DoICP
0x0075      [14]    _mymsDelay
0x0083     [177]    _trafficLights
0x0134      [12]    ___CC2DW
0x0140      [33]    _redAllLights
0x0161     [147]    _Ambulance
0x01F4     [196]    _main
//** Variables locations ** 
//ADDRESS    SIZE    VARIABLE
//----------------------------------------------
0x0000       [1]    INDF
0x0001       [1]    TMR0
0x0002       [1]    PCL
0x0003       [1]    STATUS
0x0004       [1]    FSR
0x0006       [1]    PORTB
0x0007       [1]    PORTC
0x0008       [1]    PORTD
0x000A       [1]    PCLATH
0x000B       [1]    INTCON
0x0023       [4]    _trafficLightArr
0x0027       [1]    _numCycle
0x0028       [2]    _Dcntr
0x002A       [2]    _cntr
0x002C       [1]    _currentGreen
0x002D       [1]    _specialFlagThree
0x002E       [1]    _orderChanged
0x002F       [1]    _ambulanceFlag
0x0030       [4]    _didRead
0x0034       [1]    _redtrafficLightCntr
0x0035       [1]    _savedGreen
0x0036       [1]    _enableDefaultCntr
0x0037       [1]    _j
0x0038       [3]    _redtrafficLightArr
0x003B       [1]    _i
0x003C       [2]    ___DoICPAddr
0x003E       [1]    _laneCntrPorts
0x003F       [1]    _k
0x0040       [4]    _laneCntr
0x0044       [1]    ___saveSTATUS
0x0045       [1]    ___savePCLATH
0x0046       [1]    FARG_trafficLights_currentGreen
0x0047       [2]    FARG_mymsDelay_d
0x0070       [1]    R0
0x0071       [1]    R1
0x0072       [1]    R2
0x0073       [1]    R3
0x0074       [1]    R4
0x0075       [1]    R5
0x0076       [1]    R6
0x0077       [1]    R7
0x0078       [1]    R8
0x0079       [1]    R9
0x007A       [1]    R10
0x007B       [1]    R11
0x007C       [1]    R12
0x007D       [1]    R13
0x007E       [1]    R14
0x007F       [1]    R15
0x0081       [1]    OPTION_REG
0x0086       [1]    TRISB
0x0087       [1]    TRISC
0x0088       [1]    TRISD
